{
  "stats": {
    "suites": 2,
    "tests": 1,
    "passes": 1,
    "pending": 0,
    "failures": 0,
    "start": "2026-03-06T06:19:59.961Z",
    "end": "2026-03-06T06:20:33.401Z",
    "duration": 33440,
    "testsRegistered": 1,
    "passPercent": 100,
    "pendingPercent": 0,
    "other": 0,
    "hasOther": false,
    "skipped": 0,
    "hasSkipped": false
  },
  "results": [
    {
      "uuid": "f22cd2f3-4202-4aa9-8df7-d4a40bf3f76d",
      "title": "",
      "fullFile": "cypress\\e2e\\TC05\\checkoutUnregistered.cy.js",
      "file": "cypress\\e2e\\TC05\\checkoutUnregistered.cy.js",
      "beforeHooks": [],
      "afterHooks": [],
      "tests": [],
      "suites": [
        {
          "uuid": "c6a12aa9-c0a0-4760-b4c3-f396482b9a84",
          "title": "TC05 Checkout Unregistered User Tests",
          "fullFile": "",
          "file": "",
          "beforeHooks": [],
          "afterHooks": [],
          "tests": [],
          "suites": [
            {
              "uuid": "10aa2719-b6f7-4443-ad23-822a7074a715",
              "title": "TC05008 - Checkout with Insufficient Funds Credit Card",
              "fullFile": "",
              "file": "",
              "beforeHooks": [],
              "afterHooks": [],
              "tests": [
                {
                  "title": "User gagal melakukan checkout dengan credit card saldo tidak cukup dan menampilkan pesan error",
                  "fullTitle": "TC05 Checkout Unregistered User Tests TC05008 - Checkout with Insufficient Funds Credit Card User gagal melakukan checkout dengan credit card saldo tidak cukup dan menampilkan pesan error",
                  "timedOut": null,
                  "duration": 33359,
                  "state": "passed",
                  "speed": "slow",
                  "pass": true,
                  "fail": false,
                  "pending": false,
                  "context": null,
                  "code": "const {\n  fullName,\n  telephone,\n  address,\n  address2,\n  city,\n  country,\n  province,\n  postalCode,\n  shippingMethod,\n  billingOption,\n  paymentMethod,\n  cardTab,\n  cardNumber,\n  cardExpiry,\n  cardCvc,\n  cardCountry\n} = checkoutUnregisteredData.insufficientFundsCardData;\ncheckouUnregistered.addToCart();\ncheckouUnregistered.checkout();\ncheckouUnregistered.fillGuestEmail(loginData.validLogin.email);\ncheckouUnregistered.fillShippingAddressForm(fullName, telephone, address, address2, city, country, province, postalCode);\ncheckouUnregistered.selectShippingMethod(shippingMethod);\ncheckouUnregistered.selectBillingOption(billingOption);\ncheckouUnregistered.selectPaymentMethod(paymentMethod);\ncheckouUnregistered.fillCreditCardForm(cardTab, cardNumber, cardExpiry, cardCvc, cardCountry);\ncheckouUnregistered.placeOrder();\ncheckouUnregistered.verifyOrderFailedError();",
                  "err": {},
                  "uuid": "1258e6d7-a770-4f04-a1f5-dab9ca1358fc",
                  "parentUUID": "10aa2719-b6f7-4443-ad23-822a7074a715",
                  "isHook": false,
                  "skipped": false
                }
              ],
              "suites": [],
              "passes": [
                "1258e6d7-a770-4f04-a1f5-dab9ca1358fc"
              ],
              "failures": [],
              "pending": [],
              "skipped": [],
              "duration": 33359,
              "root": false,
              "rootEmpty": false,
              "_timeout": 2000
            }
          ],
          "passes": [],
          "failures": [],
          "pending": [],
          "skipped": [],
          "duration": 0,
          "root": false,
          "rootEmpty": false,
          "_timeout": 2000
        }
      ],
      "passes": [],
      "failures": [],
      "pending": [],
      "skipped": [],
      "duration": 0,
      "root": true,
      "rootEmpty": true,
      "_timeout": 2000
    }
  ],
  "meta": {
    "mocha": {
      "version": "7.2.0"
    },
    "mochawesome": {
      "options": {
        "quiet": false,
        "reportFilename": "mochawesome",
        "saveHtml": true,
        "saveJson": true,
        "consoleReporter": "spec",
        "useInlineDiffs": false,
        "code": true
      },
      "version": "7.1.4"
    },
    "marge": {
      "options": {
        "reportDir": "cypress/results",
        "overwrite": false,
        "html": true,
        "json": true
      },
      "version": "6.3.2"
    }
  }
}