{
  "stats": {
    "suites": 8,
    "tests": 7,
    "passes": 3,
    "pending": 0,
    "failures": 4,
    "start": "2026-03-06T06:24:23.119Z",
    "end": "2026-03-06T06:24:49.040Z",
    "duration": 25921,
    "testsRegistered": 7,
    "passPercent": 42.857142857142854,
    "pendingPercent": 0,
    "other": 0,
    "hasOther": false,
    "skipped": 0,
    "hasSkipped": false
  },
  "results": [
    {
      "uuid": "a74052d6-e12f-4c75-a2ea-f0d81ef628e8",
      "title": "",
      "fullFile": "cypress\\e2e\\TC06\\filterPage.cy.js",
      "file": "cypress\\e2e\\TC06\\filterPage.cy.js",
      "beforeHooks": [],
      "afterHooks": [],
      "tests": [],
      "suites": [
        {
          "uuid": "50a7921c-9b7f-4280-9a2b-145a69b6a18a",
          "title": "TC06 - Filter Accessories Page Tests",
          "fullFile": "",
          "file": "",
          "beforeHooks": [],
          "afterHooks": [],
          "tests": [],
          "suites": [
            {
              "uuid": "5c78d580-5796-4b02-9fb8-5c798cb17fe7",
              "title": "TC06001 - Geser Slider Harga Minimum",
              "fullFile": "",
              "file": "",
              "beforeHooks": [],
              "afterHooks": [],
              "tests": [
                {
                  "title": "User dapat menggeser slider harga minimum ke nilai yang lebih tinggi",
                  "fullTitle": "TC06 - Filter Accessories Page Tests TC06001 - Geser Slider Harga Minimum User dapat menggeser slider harga minimum ke nilai yang lebih tinggi",
                  "timedOut": null,
                  "duration": 7728,
                  "state": "failed",
                  "speed": null,
                  "pass": false,
                  "fail": true,
                  "pending": false,
                  "context": null,
                  "code": "// Default min = 12, geser 5 langkah ke kanan → 17\nfilterPage.moveSlider(0, 5, 'right');\nfilterPage.verifyMinSliderValue(17);",
                  "err": {
                    "message": "AssertionError: Timed out retrying after 4000ms: expected '<input#base-ui-10>' to have attribute 'aria-valuenow' with the value '17', but the value was '14'",
                    "estack": "AssertionError: Timed out retrying after 4000ms: expected '<input#base-ui-10>' to have attribute 'aria-valuenow' with the value '17', but the value was '14'\n    at FilterPage.verifyMinSliderValue (webpack:///./cypress/support/POM/FilterPage.js:61:28)\n    at Context.eval (webpack:///./cypress/e2e/TC06/filterPage.cy.js:24:23)",
                    "diff": "- '14'\n+ '17'\n"
                  },
                  "uuid": "68f2aab4-4802-4623-b74e-edc1a27bdbdd",
                  "parentUUID": "5c78d580-5796-4b02-9fb8-5c798cb17fe7",
                  "isHook": false,
                  "skipped": false
                }
              ],
              "suites": [],
              "passes": [],
              "failures": [
                "68f2aab4-4802-4623-b74e-edc1a27bdbdd"
              ],
              "pending": [],
              "skipped": [],
              "duration": 7728,
              "root": false,
              "rootEmpty": false,
              "_timeout": 2000
            },
            {
              "uuid": "d82b05c1-452d-4b9d-9a7b-2e001900c494",
              "title": "TC06002 - Geser Slider Harga Maksimum",
              "fullFile": "",
              "file": "",
              "beforeHooks": [],
              "afterHooks": [],
              "tests": [
                {
                  "title": "User dapat menggeser slider harga maksimum ke nilai yang lebih rendah",
                  "fullTitle": "TC06 - Filter Accessories Page Tests TC06002 - Geser Slider Harga Maksimum User dapat menggeser slider harga maksimum ke nilai yang lebih rendah",
                  "timedOut": null,
                  "duration": 5079,
                  "state": "failed",
                  "speed": null,
                  "pass": false,
                  "fail": true,
                  "pending": false,
                  "context": null,
                  "code": "// Default max = 35, geser 7 langkah ke kiri → 28\nfilterPage.moveSlider(1, 7, 'left');\nfilterPage.verifyMaxSliderValue(28);",
                  "err": {
                    "message": "AssertionError: Timed out retrying after 4000ms: expected '<input#base-ui-13>' to have attribute 'aria-valuenow' with the value '28', but the value was '35'",
                    "estack": "AssertionError: Timed out retrying after 4000ms: expected '<input#base-ui-13>' to have attribute 'aria-valuenow' with the value '28', but the value was '35'\n    at FilterPage.verifyMaxSliderValue (webpack:///./cypress/support/POM/FilterPage.js:65:28)\n    at Context.eval (webpack:///./cypress/e2e/TC06/filterPage.cy.js:32:23)",
                    "diff": "- '35'\n+ '28'\n"
                  },
                  "uuid": "7a9f2faa-1fe6-4d31-b8c7-2c21852dd40e",
                  "parentUUID": "d82b05c1-452d-4b9d-9a7b-2e001900c494",
                  "isHook": false,
                  "skipped": false
                }
              ],
              "suites": [],
              "passes": [],
              "failures": [
                "7a9f2faa-1fe6-4d31-b8c7-2c21852dd40e"
              ],
              "pending": [],
              "skipped": [],
              "duration": 5079,
              "root": false,
              "rootEmpty": false,
              "_timeout": 2000
            },
            {
              "uuid": "16097df3-4600-4c36-a7cd-3176b4764441",
              "title": "TC06003 - Geser Kedua Slider Bersamaan",
              "fullFile": "",
              "file": "",
              "beforeHooks": [],
              "afterHooks": [],
              "tests": [
                {
                  "title": "User dapat mensetting rentang harga kustom dengan menggeser kedua slider",
                  "fullTitle": "TC06 - Filter Accessories Page Tests TC06003 - Geser Kedua Slider Bersamaan User dapat mensetting rentang harga kustom dengan menggeser kedua slider",
                  "timedOut": null,
                  "duration": 4751,
                  "state": "failed",
                  "speed": null,
                  "pass": false,
                  "fail": true,
                  "pending": false,
                  "context": null,
                  "code": "// Min: 12 → 15 (3 langkah kanan)\nfilterPage.moveSlider(0, 3, 'right');\nfilterPage.verifyMinSliderValue(15);\n// Max: 35 → 30 (5 langkah kiri)\nfilterPage.moveSlider(1, 5, 'left');\nfilterPage.verifyMaxSliderValue(30);",
                  "err": {
                    "message": "AssertionError: Timed out retrying after 4000ms: expected '<input#base-ui-10>' to have attribute 'aria-valuenow' with the value '15', but the value was '12'",
                    "estack": "AssertionError: Timed out retrying after 4000ms: expected '<input#base-ui-10>' to have attribute 'aria-valuenow' with the value '15', but the value was '12'\n    at FilterPage.verifyMinSliderValue (webpack:///./cypress/support/POM/FilterPage.js:61:28)\n    at Context.eval (webpack:///./cypress/e2e/TC06/filterPage.cy.js:40:23)",
                    "diff": "- '12'\n+ '15'\n"
                  },
                  "uuid": "072b67aa-5ef2-4da5-9f23-3d1c7a675abf",
                  "parentUUID": "16097df3-4600-4c36-a7cd-3176b4764441",
                  "isHook": false,
                  "skipped": false
                }
              ],
              "suites": [],
              "passes": [],
              "failures": [
                "072b67aa-5ef2-4da5-9f23-3d1c7a675abf"
              ],
              "pending": [],
              "skipped": [],
              "duration": 4751,
              "root": false,
              "rootEmpty": false,
              "_timeout": 2000
            },
            {
              "uuid": "e1beb4e9-56a1-43cd-919f-7150ff5e31d3",
              "title": "TC06004 - Centang Filter Warna Tunggal",
              "fullFile": "",
              "file": "",
              "beforeHooks": [],
              "afterHooks": [],
              "tests": [
                {
                  "title": "User dapat memfilter produk berdasarkan satu warna (White)",
                  "fullTitle": "TC06 - Filter Accessories Page Tests TC06004 - Centang Filter Warna Tunggal User dapat memfilter produk berdasarkan satu warna (White)",
                  "timedOut": null,
                  "duration": 776,
                  "state": "passed",
                  "speed": "fast",
                  "pass": true,
                  "fail": false,
                  "pending": false,
                  "context": null,
                  "code": "filterPage.clickColorFilter('White');\nfilterPage.verifyColorChecked('White');",
                  "err": {},
                  "uuid": "60fea2b9-4c23-40e4-83cf-921b70f845fa",
                  "parentUUID": "e1beb4e9-56a1-43cd-919f-7150ff5e31d3",
                  "isHook": false,
                  "skipped": false
                }
              ],
              "suites": [],
              "passes": [
                "60fea2b9-4c23-40e4-83cf-921b70f845fa"
              ],
              "failures": [],
              "pending": [],
              "skipped": [],
              "duration": 776,
              "root": false,
              "rootEmpty": false,
              "_timeout": 2000
            },
            {
              "uuid": "24ad3c3b-c811-4c36-8a6b-3324d47cd6c3",
              "title": "TC06005 - Centang Filter Beberapa Warna",
              "fullFile": "",
              "file": "",
              "beforeHooks": [],
              "afterHooks": [],
              "tests": [
                {
                  "title": "User dapat memfilter produk dengan mencentang beberapa warna sekaligus",
                  "fullTitle": "TC06 - Filter Accessories Page Tests TC06005 - Centang Filter Beberapa Warna User dapat memfilter produk dengan mencentang beberapa warna sekaligus",
                  "timedOut": null,
                  "duration": 1083,
                  "state": "passed",
                  "speed": "fast",
                  "pass": true,
                  "fail": false,
                  "pending": false,
                  "context": null,
                  "code": "filterPage.clickColorFilter('Black');\nfilterPage.clickColorFilter('Yellow');\nfilterPage.verifyColorChecked('Black');\nfilterPage.verifyColorChecked('Yellow');",
                  "err": {},
                  "uuid": "f7c184c2-0d3b-4fe6-811e-0d5fd7e2d134",
                  "parentUUID": "24ad3c3b-c811-4c36-8a6b-3324d47cd6c3",
                  "isHook": false,
                  "skipped": false
                }
              ],
              "suites": [],
              "passes": [
                "f7c184c2-0d3b-4fe6-811e-0d5fd7e2d134"
              ],
              "failures": [],
              "pending": [],
              "skipped": [],
              "duration": 1083,
              "root": false,
              "rootEmpty": false,
              "_timeout": 2000
            },
            {
              "uuid": "4d389479-49d4-461d-b2fd-fcb9fef7e150",
              "title": "TC06006 - Hapus Filter Warna",
              "fullFile": "",
              "file": "",
              "beforeHooks": [],
              "afterHooks": [],
              "tests": [
                {
                  "title": "User dapat menghapus filter warna dengan mencentang ulang checkbox yang sama",
                  "fullTitle": "TC06 - Filter Accessories Page Tests TC06006 - Hapus Filter Warna User dapat menghapus filter warna dengan mencentang ulang checkbox yang sama",
                  "timedOut": null,
                  "duration": 1061,
                  "state": "passed",
                  "speed": "fast",
                  "pass": true,
                  "fail": false,
                  "pending": false,
                  "context": null,
                  "code": "// Centang dulu\nfilterPage.clickColorFilter('White');\nfilterPage.verifyColorChecked('White');\n// Centang ulang untuk uncheck\nfilterPage.clickColorFilter('White');\nfilterPage.verifyColorUnchecked('White');",
                  "err": {},
                  "uuid": "a30faa0c-b9e3-42d7-bed2-b9a4825671ae",
                  "parentUUID": "4d389479-49d4-461d-b2fd-fcb9fef7e150",
                  "isHook": false,
                  "skipped": false
                }
              ],
              "suites": [],
              "passes": [
                "a30faa0c-b9e3-42d7-bed2-b9a4825671ae"
              ],
              "failures": [],
              "pending": [],
              "skipped": [],
              "duration": 1061,
              "root": false,
              "rootEmpty": false,
              "_timeout": 2000
            },
            {
              "uuid": "80251a67-7c19-425f-abd1-1225ad8fd88c",
              "title": "TC06007 - Kombinasi Filter Harga dan Warna",
              "fullFile": "",
              "file": "",
              "beforeHooks": [],
              "afterHooks": [],
              "tests": [
                {
                  "title": "User dapat menggabungkan filter slider harga dan checkbox warna secara bersamaan",
                  "fullTitle": "TC06 - Filter Accessories Page Tests TC06007 - Kombinasi Filter Harga dan Warna User dapat menggabungkan filter slider harga dan checkbox warna secara bersamaan",
                  "timedOut": null,
                  "duration": 5024,
                  "state": "failed",
                  "speed": null,
                  "pass": false,
                  "fail": true,
                  "pending": false,
                  "context": null,
                  "code": "// Set rentang harga: 15 – 30\nfilterPage.moveSlider(0, 3, 'right'); // 12 → 15\nfilterPage.moveSlider(1, 5, 'left'); // 35 → 30\nfilterPage.verifyMinSliderValue(15);\nfilterPage.verifyMaxSliderValue(30);\n// Filter warna: Black\nfilterPage.clickColorFilter('Black');\nfilterPage.verifyColorChecked('Black');",
                  "err": {
                    "message": "AssertionError: Timed out retrying after 4000ms: expected '<input#base-ui-10>' to have attribute 'aria-valuenow' with the value '15', but the value was '12'",
                    "estack": "AssertionError: Timed out retrying after 4000ms: expected '<input#base-ui-10>' to have attribute 'aria-valuenow' with the value '15', but the value was '12'\n    at FilterPage.verifyMinSliderValue (webpack:///./cypress/support/POM/FilterPage.js:61:28)\n    at Context.eval (webpack:///./cypress/e2e/TC06/filterPage.cy.js:90:23)",
                    "diff": "- '12'\n+ '15'\n"
                  },
                  "uuid": "83c97039-ac26-46e8-b68e-4ce150bd5237",
                  "parentUUID": "80251a67-7c19-425f-abd1-1225ad8fd88c",
                  "isHook": false,
                  "skipped": false
                }
              ],
              "suites": [],
              "passes": [],
              "failures": [
                "83c97039-ac26-46e8-b68e-4ce150bd5237"
              ],
              "pending": [],
              "skipped": [],
              "duration": 5024,
              "root": false,
              "rootEmpty": false,
              "_timeout": 2000
            }
          ],
          "passes": [],
          "failures": [],
          "pending": [],
          "skipped": [],
          "duration": 0,
          "root": false,
          "rootEmpty": false,
          "_timeout": 2000
        }
      ],
      "passes": [],
      "failures": [],
      "pending": [],
      "skipped": [],
      "duration": 0,
      "root": true,
      "rootEmpty": true,
      "_timeout": 2000
    }
  ],
  "meta": {
    "mocha": {
      "version": "7.2.0"
    },
    "mochawesome": {
      "options": {
        "quiet": false,
        "reportFilename": "mochawesome",
        "saveHtml": true,
        "saveJson": true,
        "consoleReporter": "spec",
        "useInlineDiffs": false,
        "code": true
      },
      "version": "7.1.4"
    },
    "marge": {
      "options": {
        "reportDir": "cypress/results",
        "overwrite": false,
        "html": true,
        "json": true
      },
      "version": "6.3.2"
    }
  }
}